Archive Project report for 913010
Wed Dec 08 08:49:06 2021
Quartus II Version 9.1 Build 350 03/24/2010 Service Pack 2 SJ Web Edition


---------------------
; Table of Contents ;
---------------------
  1. Legal Notice
  2. Archive Project Summary
  3. Archive Project Messages
  4. Files Archived



----------------
; Legal Notice ;
----------------
Copyright (C) 1991-2010 Altera Corporation
Your use of Altera Corporation's design tools, logic functions 
and other software and tools, and its AMPP partner logic 
functions, and any output files from any of the foregoing 
(including device programming or simulation files), and any 
associated documentation or information are expressly subject 
to the terms and conditions of the Altera Program License 
Subscription Agreement, Altera MegaCore Function License 
Agreement, or other applicable license agreement, including, 
without limitation, that your use is for the sole purpose of 
programming logic devices manufactured by Altera and sold by 
Altera or its authorized distributors.  Please refer to the 
applicable agreement for further details.



+----------------------------------------------------------------+
; Archive Project Summary                                        ;
+------------------------+---------------------------------------+
; Archive Project Status ; Successful - Wed Dec 08 08:49:06 2021 ;
; Revision Name          ; 913010                                ;
; Top-level Entity Name  ;                                       ;
; Family                 ; MAX3000A                              ;
+------------------------+---------------------------------------+


+--------------------------+
; Archive Project Messages ;
+--------------------------+
Info: File Set 'Source control' contains:
    Info: Project source and settings files
    Info: Automatically detected source files
Critical Warning: Analysis & Elaboration was not run successfully
    Critical Warning: The 'Automatically detected source files' file subset will attempt to guess which files are needed. The archive file will likely be larger than required and may still be incomplete.
Warning: Analysis was not performed on the current project. The Quartus II software may not be able to automatically locate all project files.
Info: ----------------------------------------------------------
Info: ----------------------------------------------------------
Info: Generated archive 'C:/Users/CKVS/Downloads/913010.qar'
Info: ----------------------------------------------------------
Info: ----------------------------------------------------------
Info: Generated report '913010.archive.rpt'
Error: Evaluation of Tcl script c:/altera/91sp2/quartus/common/tcl/apps/qpm/qar.tcl unsuccessful
Error: Quartus II Shell was unsuccessful. 2 errors, 3 warnings
    Error: Peak virtual memory: 161 megabytes
    Error: Processing ended: Wed Dec 08 08:49:06 2021
    Error: Elapsed time: 00:00:01
    Error: Total CPU time (on all processors): 00:00:01


+-----------------------------------------------------+
; Files Archived                                      ;
+-----------------------------------------------------+
; File Name                                           ;
+-----------------------------------------------------+
; C:/altera/91sp2/quartus/bin/assignment_defaults.qdf ;
+-----------------------------------------------------+


