Flow report for 913002
Wed Dec 29 10:03:49 2021
Quartus II Version 9.1 Build 350 03/24/2010 Service Pack 2 SJ Web Edition


---------------------
; Table of Contents ;
---------------------
  1. Legal Notice
  2. Flow Summary
  3. Flow Settings
  4. Flow Non-Default Global Settings
  5. Flow Elapsed Time
  6. Flow OS Summary
  7. Flow Log



----------------
; Legal Notice ;
----------------
Copyright (C) 1991-2010 Altera Corporation
Your use of Altera Corporation's design tools, logic functions 
and other software and tools, and its AMPP partner logic 
functions, and any output files from any of the foregoing 
(including device programming or simulation files), and any 
associated documentation or information are expressly subject 
to the terms and conditions of the Altera Program License 
Subscription Agreement, Altera MegaCore Function License 
Agreement, or other applicable license agreement, including, 
without limitation, that your use is for the sole purpose of 
programming logic devices manufactured by Altera and sold by 
Altera or its authorized distributors.  Please refer to the 
applicable agreement for further details.



+------------------------------------------------------------------------+
; Flow Summary                                                           ;
+-------------------------+----------------------------------------------+
; Flow Status             ; Successful - Wed Dec 29 10:03:49 2021        ;
; Quartus II Version      ; 9.1 Build 350 03/24/2010 SP 2 SJ Web Edition ;
; Revision Name           ; 913002                                       ;
; Top-level Entity Name   ; 913002                                       ;
; Family                  ; MAX7000S                                     ;
; Device                  ; EPM7128SLC84-10                              ;
; Timing Models           ; Final                                        ;
; Met timing requirements ; Yes                                          ;
; Total macrocells        ; 3 / 128 ( 2 % )                              ;
; Total pins              ; 9 / 68 ( 13 % )                              ;
+-------------------------+----------------------------------------------+


+-----------------------------------------+
; Flow Settings                           ;
+-------------------+---------------------+
; Option            ; Setting             ;
+-------------------+---------------------+
; Start date & time ; 12/29/2021 10:03:41 ;
; Main task         ; Compilation         ;
; Revision Name     ; 913002              ;
+-------------------+---------------------+


+----------------------------------------------------------------------------------------------------------------------------------+
; Flow Non-Default Global Settings                                                                                                 ;
+------------------------------------+-------------------------------+------------------------------+-------------+----------------+
; Assignment Name                    ; Value                         ; Default Value                ; Entity Name ; Section Id     ;
+------------------------------------+-------------------------------+------------------------------+-------------+----------------+
; COMPILER_SIGNATURE_ID              ; 1001716193964.164074342117188 ; --                           ; --          ; --             ;
; INCREMENTAL_COMPILATION            ; Off                           ; FULL_INCREMENTAL_COMPILATION ; --          ; --             ;
; USE_GENERATED_PHYSICAL_CONSTRAINTS ; Off                           ; --                           ; --          ; eda_blast_fpga ;
+------------------------------------+-------------------------------+------------------------------+-------------+----------------+


+-----------------------------------------------------------------------------------------------------------------------------+
; Flow Elapsed Time                                                                                                           ;
+-------------------------+--------------+-------------------------+---------------------+------------------------------------+
; Module Name             ; Elapsed Time ; Average Processors Used ; Peak Virtual Memory ; Total CPU Time (on all processors) ;
+-------------------------+--------------+-------------------------+---------------------+------------------------------------+
; Analysis & Synthesis    ; 00:00:01     ; 1.0                     ; 237 MB              ; 00:00:01                           ;
; Fitter                  ; 00:00:00     ; 1.0                     ; 229 MB              ; 00:00:00                           ;
; Assembler               ; 00:00:00     ; 1.0                     ; 218 MB              ; 00:00:00                           ;
; Classic Timing Analyzer ; 00:00:01     ; 1.0                     ; 189 MB              ; 00:00:00                           ;
; Total                   ; 00:00:02     ; --                      ; --                  ; 00:00:01                           ;
+-------------------------+--------------+-------------------------+---------------------+------------------------------------+


+------------------------------------------------------------------------------------------+
; Flow OS Summary                                                                          ;
+-------------------------+------------------+---------------+------------+----------------+
; Module Name             ; Machine Hostname ; OS Name       ; OS Version ; Processor type ;
+-------------------------+------------------+---------------+------------+----------------+
; Analysis & Synthesis    ; Asus-X515EA      ; Windows Vista ; 6.2        ; x86_64         ;
; Fitter                  ; Asus-X515EA      ; Windows Vista ; 6.2        ; x86_64         ;
; Assembler               ; Asus-X515EA      ; Windows Vista ; 6.2        ; x86_64         ;
; Classic Timing Analyzer ; Asus-X515EA      ; Windows Vista ; 6.2        ; x86_64         ;
+-------------------------+------------------+---------------+------------+----------------+


------------
; Flow Log ;
------------
quartus_map --read_settings_files=on --write_settings_files=off 913002 -c 913002
quartus_fit --read_settings_files=off --write_settings_files=off 913002 -c 913002
quartus_asm --read_settings_files=off --write_settings_files=off 913002 -c 913002
quartus_tan --read_settings_files=off --write_settings_files=off 913002 -c 913002



